[INFO ] 2024-01-22 23:06:00.081 [Test worker] InterestRestControllerTest - Starting InterestRestControllerTest using Java 21 with PID 30580 (started by Martin in D:\Projekty\Java\rate-it)
[DEBUG] 2024-01-22 23:06:00.088 [Test worker] InterestRestControllerTest - Running with Spring Boot v3.2.0, Spring v6.1.1
[INFO ] 2024-01-22 23:06:00.092 [Test worker] InterestRestControllerTest - The following 1 profile is active: "dev"
[INFO ] 2024-01-22 23:06:00.813 [Test worker] InterestRestControllerTest - Started InterestRestControllerTest in 0.757 seconds (process running for 8.189)
[INFO ] 2024-01-22 23:06:01.013 [Test worker] GoogleImageServiceTest - Starting GoogleImageServiceTest using Java 21 with PID 30580 (started by Martin in D:\Projekty\Java\rate-it)
[DEBUG] 2024-01-22 23:06:01.013 [Test worker] GoogleImageServiceTest - Running with Spring Boot v3.2.0, Spring v6.1.1
[INFO ] 2024-01-22 23:06:01.013 [Test worker] GoogleImageServiceTest - The following 1 profile is active: "dev"
[INFO ] 2024-01-22 23:06:01.602 [Test worker] GoogleImageServiceTest - Started GoogleImageServiceTest in 0.6 seconds (process running for 8.977)
[INFO ] 2024-01-22 23:06:01.823 [Test worker] InterestServiceTest - Starting InterestServiceTest using Java 21 with PID 30580 (started by Martin in D:\Projekty\Java\rate-it)
[DEBUG] 2024-01-22 23:06:01.824 [Test worker] InterestServiceTest - Running with Spring Boot v3.2.0, Spring v6.1.1
[INFO ] 2024-01-22 23:06:01.824 [Test worker] InterestServiceTest - The following 1 profile is active: "dev"
[INFO ] 2024-01-22 23:06:02.583 [Test worker] InterestServiceTest - Started InterestServiceTest in 0.778 seconds (process running for 9.959)
[INFO ] 2024-01-22 23:06:02.651 [Test worker] ManageInterestServiceTest - Starting ManageInterestServiceTest using Java 21 with PID 30580 (started by Martin in D:\Projekty\Java\rate-it)
[DEBUG] 2024-01-22 23:06:02.652 [Test worker] ManageInterestServiceTest - Running with Spring Boot v3.2.0, Spring v6.1.1
[INFO ] 2024-01-22 23:06:02.652 [Test worker] ManageInterestServiceTest - The following 1 profile is active: "dev"
[INFO ] 2024-01-22 23:06:03.281 [Test worker] ManageInterestServiceTest - Started ManageInterestServiceTest in 0.641 seconds (process running for 10.657)
[INFO ] 2024-01-22 23:06:03.391 [Test worker] PermissionServiceTest - Starting PermissionServiceTest using Java 21 with PID 30580 (started by Martin in D:\Projekty\Java\rate-it)
[DEBUG] 2024-01-22 23:06:03.392 [Test worker] PermissionServiceTest - Running with Spring Boot v3.2.0, Spring v6.1.1
[INFO ] 2024-01-22 23:06:03.392 [Test worker] PermissionServiceTest - The following 1 profile is active: "dev"
[INFO ] 2024-01-22 23:06:03.864 [Test worker] PermissionServiceTest - Started PermissionServiceTest in 0.49 seconds (process running for 11.24)
[INFO ] 2024-01-22 23:06:03.887 [Test worker] PlaceServiceTest - Starting PlaceServiceTest using Java 21 with PID 30580 (started by Martin in D:\Projekty\Java\rate-it)
[DEBUG] 2024-01-22 23:06:03.888 [Test worker] PlaceServiceTest - Running with Spring Boot v3.2.0, Spring v6.1.1
[INFO ] 2024-01-22 23:06:03.888 [Test worker] PlaceServiceTest - The following 1 profile is active: "dev"
[INFO ] 2024-01-22 23:06:04.336 [Test worker] PlaceServiceTest - Started PlaceServiceTest in 0.461 seconds (process running for 11.711)
[INFO ] 2024-01-22 23:06:04.381 [Test worker] RatingServiceTest - Starting RatingServiceTest using Java 21 with PID 30580 (started by Martin in D:\Projekty\Java\rate-it)
[DEBUG] 2024-01-22 23:06:04.382 [Test worker] RatingServiceTest - Running with Spring Boot v3.2.0, Spring v6.1.1
[INFO ] 2024-01-22 23:06:04.382 [Test worker] RatingServiceTest - The following 1 profile is active: "dev"
[INFO ] 2024-01-22 23:06:04.814 [Test worker] RatingServiceTest - Started RatingServiceTest in 0.442 seconds (process running for 12.189)
[INFO ] 2024-01-22 23:06:04.841 [Test worker] UserServiceTest - Starting UserServiceTest using Java 21 with PID 30580 (started by Martin in D:\Projekty\Java\rate-it)
[DEBUG] 2024-01-22 23:06:04.841 [Test worker] UserServiceTest - Running with Spring Boot v3.2.0, Spring v6.1.1
[INFO ] 2024-01-22 23:06:04.842 [Test worker] UserServiceTest - The following 1 profile is active: "dev"
[INFO ] 2024-01-22 23:06:05.177 [Test worker] UserServiceTest - Started UserServiceTest in 0.345 seconds (process running for 12.553)
[INFO ] 2024-01-22 23:06:05.280 [Test worker] WebappApplicationTests - Starting WebappApplicationTests using Java 21 with PID 30580 (started by Martin in D:\Projekty\Java\rate-it)
[DEBUG] 2024-01-22 23:06:05.280 [Test worker] WebappApplicationTests - Running with Spring Boot v3.2.0, Spring v6.1.1
[INFO ] 2024-01-22 23:06:05.280 [Test worker] WebappApplicationTests - The following 1 profile is active: "dev"
[INFO ] 2024-01-22 23:06:05.601 [Test worker] WebappApplicationTests - Started WebappApplicationTests in 0.33 seconds (process running for 12.976)
[INFO ] 2024-01-22 23:06:05.617 [Test worker] InterestAdminControllerIntegrationTest - Starting InterestAdminControllerIntegrationTest using Java 21 with PID 30580 (started by Martin in D:\Projekty\Java\rate-it)
[DEBUG] 2024-01-22 23:06:05.618 [Test worker] InterestAdminControllerIntegrationTest - Running with Spring Boot v3.2.0, Spring v6.1.1
[INFO ] 2024-01-22 23:06:05.618 [Test worker] InterestAdminControllerIntegrationTest - The following 1 profile is active: "dev"
[INFO ] 2024-01-22 23:06:05.921 [Test worker] InterestAdminControllerIntegrationTest - Started InterestAdminControllerIntegrationTest in 0.313 seconds (process running for 13.296)
